<!DOCTYPE html PUBLIC "-//W3C//DTD XHTML 1.1//EN" "https://www.w3.org/TR/xhtml11/DTD/xhtml11.dtd">
<html xmlns="https://www.w3.org/1999/xhtml">
<head>
<meta http-equiv="content-type" content="text/html; charset=UTF-8"/>
<title>TestNG Report</title>
<style type="text/css">table {margin-bottom:10px;border-collapse:collapse;empty-cells:show}th,td {border:1px solid #009;padding:.25em .5em}th {vertical-align:bottom}td {vertical-align:top}table a {font-weight:bold}.stripe td {background-color: #E6EBF9}.num {text-align:right}.passedodd td {background-color: #3F3}.passedeven td {background-color: #0A0}.skippedodd td {background-color: #DDD}.skippedeven td {background-color: #CCC}.failedodd td,.attn {background-color: #F33}.failedeven td,.stripe .attn {background-color: #D00}.stacktrace {white-space:pre;font-family:monospace}.totop {font-size:85%;text-align:center;border-bottom:2px solid #000}.invisible {display:none}</style>
</head>
<body>
<table>
<tr><th>Test</th><th># Passed</th><th># Skipped</th><th># Retried</th><th># Failed</th><th>Time (ms)</th><th>Included Groups</th><th>Excluded Groups</th></tr>
<tr><th colspan="8">Suite1</th></tr>
<tr><td><a href="#t0">Different TestNG features</a></td><td class="num">11</td><td class="num attn">1</td><td class="num">0</td><td class="num attn">3</td><td class="num">78,280</td><td></td><td></td></tr>
</table>
<table id='summary'><thead><tr><th>Class</th><th>Method</th><th>Start</th><th>Time (ms)</th></tr></thead><tbody><tr><th colspan="4">Suite1</th></tr></tbody><tbody id="t0"><tr><th colspan="4">Different TestNG features &#8212; failed</th></tr><tr class="failedeven"><td rowspan="2">com.test.GooglefeatureTest</td><td><a href="#m0">checkMailLink</a></td><td rowspan="1">1591340209483</td><td rowspan="1">15783</td></tr><tr class="failedeven"><td><a href="#m1">getPageTitle</a></td><td rowspan="1">1591340192186</td><td rowspan="1">14</td></tr><tr class="failedodd"><td rowspan="1">com.test.TestNGfeatures</td><td><a href="#m2">loginTest</a></td><td rowspan="1">1591340249759</td><td rowspan="1">2</td></tr><tr><th colspan="4">Different TestNG features &#8212; skipped</th></tr><tr class="skippedeven"><td rowspan="1">com.test.TestNGfeatures</td><td><a href="#m3">homepageTest</a></td><td rowspan="1">1591340249772</td><td rowspan="1">0</td></tr><tr><th colspan="4">Different TestNG features &#8212; passed</th></tr><tr class="passedeven"><td rowspan="4">com.test.GooglefeatureTest</td><td><a href="#m4">checkLogo</a></td><td rowspan="1">1591340240780</td><td rowspan="1">264</td></tr><tr class="passedeven"><td><a href="#m5">test4</a></td><td rowspan="1">1591340201015</td><td rowspan="1">2</td></tr><tr class="passedeven"><td><a href="#m6">test5</a></td><td rowspan="1">1591340234293</td><td rowspan="1">3</td></tr><tr class="passedeven"><td><a href="#m7">test6</a></td><td rowspan="1">1591340248651</td><td rowspan="1">2</td></tr><tr class="passedodd"><td rowspan="5">com.test.InvocationcountFeature</td><td><a href="#m8">sampleTest</a></td><td rowspan="5">1591340249703</td><td rowspan="5">5</td></tr><tr class="passedodd"><td><a href="#m9">sampleTest</a></td></tr><tr class="passedodd"><td><a href="#m10">sampleTest</a></td></tr><tr class="passedodd"><td><a href="#m11">sampleTest</a></td></tr><tr class="passedodd"><td><a href="#m12">sampleTest</a></td></tr><tr class="passedeven"><td rowspan="2">com.test.TestNGBasics</td><td><a href="#m13">googleTitleTest</a></td><td rowspan="1">1591340249749</td><td rowspan="1">1</td></tr><tr class="passedeven"><td><a href="#m14">googlesearchTest</a></td><td rowspan="1">1591340249753</td><td rowspan="1">2</td></tr></tbody>
</table>
<h2>Different TestNG features</h2><h3 id="m0">com.test.GooglefeatureTest#checkMailLink</h3><table class="result"><tr><th>Exception</th></tr><tr><td><div class="stacktrace">org.openqa.selenium.NoSuchElementException: no such element: Unable to locate element: {&quot;method&quot;:&quot;link text&quot;,&quot;selector&quot;:&quot;Gmmail&quot;}
  (Session info: chrome=83.0.4103.97)
For documentation on this error, please visit: https://www.seleniumhq.org/exceptions/no_such_element.html
Build info: version: &apos;3.141.59&apos;, revision: &apos;e82be7d358&apos;, time: &apos;2018-11-14T08:25:48&apos;
System info: host: &apos;DESKTOP-RRG8RSC&apos;, ip: &apos;192.168.0.4&apos;, os.name: &apos;Windows 10&apos;, os.arch: &apos;amd64&apos;, os.version: &apos;10.0&apos;, java.version: &apos;14.0.1&apos;
Driver info: org.openqa.selenium.chrome.ChromeDriver
Capabilities {acceptInsecureCerts: false, browserName: chrome, browserVersion: 83.0.4103.97, chrome: {chromedriverVersion: 83.0.4103.39 (ccbf011cb2d2b..., userDataDir: C:\Users\giribabu\AppData\L...}, goog:chromeOptions: {debuggerAddress: localhost:63545}, javascriptEnabled: true, networkConnectionEnabled: false, pageLoadStrategy: normal, platform: WINDOWS, platformName: WINDOWS, proxy: Proxy(), setWindowRect: true, strictFileInteractability: false, timeouts: {implicit: 0, pageLoad: 300000, script: 30000}, unhandledPromptBehavior: dismiss and notify, webauthn:virtualAuthenticators: true}
Session ID: 414560083fc1e3ddc6209eee9222b226
*** Element info: {Using=link text, value=Gmmail}
	at org.openqa.selenium.remote.http.W3CHttpResponseCodec.createException(W3CHttpResponseCodec.java:187)
	at org.openqa.selenium.remote.http.W3CHttpResponseCodec.decode(W3CHttpResponseCodec.java:122)
	at org.openqa.selenium.remote.http.W3CHttpResponseCodec.decode(W3CHttpResponseCodec.java:49)
	at org.openqa.selenium.remote.HttpCommandExecutor.execute(HttpCommandExecutor.java:158)
	at org.openqa.selenium.remote.service.DriverCommandExecutor.execute(DriverCommandExecutor.java:83)
	at org.openqa.selenium.remote.RemoteWebDriver.execute(RemoteWebDriver.java:552)
	at org.openqa.selenium.remote.RemoteWebDriver.findElement(RemoteWebDriver.java:323)
	at org.openqa.selenium.remote.RemoteWebDriver.findElementByLinkText(RemoteWebDriver.java:380)
	at org.openqa.selenium.By$ByLinkText.findElement(By.java:220)
	at org.openqa.selenium.remote.RemoteWebDriver.findElement(RemoteWebDriver.java:315)
	at com.test.GooglefeatureTest.checkMailLink(GooglefeatureTest.java:45)
	at java.base/java.util.ArrayList.forEach(ArrayList.java:1510)
... Removed 32 stack frames</div></td></tr></table><p class="totop"><a href="#summary">back to summary</a></p>
<h3 id="m1">com.test.GooglefeatureTest#getPageTitle</h3><table class="result"><tr><th>Exception</th></tr><tr><td><div class="stacktrace">java.lang.AssertionError: title not matched expected [Googlee] but found [Google]
	at com.test.GooglefeatureTest.getPageTitle(GooglefeatureTest.java:32)
	at java.base/java.util.ArrayList.forEach(ArrayList.java:1510)
... Removed 31 stack frames</div></td></tr></table><p class="totop"><a href="#summary">back to summary</a></p>
<h3 id="m2">com.test.TestNGfeatures#loginTest</h3><table class="result"><tr><th>Exception</th></tr><tr><td><div class="stacktrace">java.lang.ArithmeticException: / by zero
	at com.test.TestNGfeatures.loginTest(TestNGfeatures.java:10)
	at java.base/java.util.ArrayList.forEach(ArrayList.java:1510)
... Removed 27 stack frames</div></td></tr></table><p class="totop"><a href="#summary">back to summary</a></p>
<h3 id="m3">com.test.TestNGfeatures#homepageTest</h3><table class="result"><tr><th>Exception</th></tr><tr><td><div class="stacktrace">java.lang.Throwable: Method TestNGfeatures.homepageTest()[pri:0, instance:com.test.TestNGfeatures@4a94ee4] depends on not successfully finished methods
	at java.base/java.util.ArrayList.forEach(ArrayList.java:1510)
... Removed 18 stack frames</div></td></tr></table><p class="totop"><a href="#summary">back to summary</a></p>
<h3 id="m4">com.test.GooglefeatureTest#checkLogo</h3><table class="result"><tr><th class="invisible"/></tr></table><p class="totop"><a href="#summary">back to summary</a></p>
<h3 id="m5">com.test.GooglefeatureTest#test4</h3><table class="result"><tr><th class="invisible"/></tr></table><p class="totop"><a href="#summary">back to summary</a></p>
<h3 id="m6">com.test.GooglefeatureTest#test5</h3><table class="result"><tr><th class="invisible"/></tr></table><p class="totop"><a href="#summary">back to summary</a></p>
<h3 id="m7">com.test.GooglefeatureTest#test6</h3><table class="result"><tr><th class="invisible"/></tr></table><p class="totop"><a href="#summary">back to summary</a></p>
<h3 id="m8">com.test.InvocationcountFeature#sampleTest</h3><table class="result"><tr><th class="invisible"/></tr></table><p class="totop"><a href="#summary">back to summary</a></p>
<h3 id="m9">com.test.InvocationcountFeature#sampleTest</h3><table class="result"><tr><th class="invisible"/></tr></table><p class="totop"><a href="#summary">back to summary</a></p>
<h3 id="m10">com.test.InvocationcountFeature#sampleTest</h3><table class="result"><tr><th class="invisible"/></tr></table><p class="totop"><a href="#summary">back to summary</a></p>
<h3 id="m11">com.test.InvocationcountFeature#sampleTest</h3><table class="result"><tr><th class="invisible"/></tr></table><p class="totop"><a href="#summary">back to summary</a></p>
<h3 id="m12">com.test.InvocationcountFeature#sampleTest</h3><table class="result"><tr><th class="invisible"/></tr></table><p class="totop"><a href="#summary">back to summary</a></p>
<h3 id="m13">com.test.TestNGBasics#googleTitleTest</h3><table class="result"><tr><th class="invisible"/></tr></table><p class="totop"><a href="#summary">back to summary</a></p>
<h3 id="m14">com.test.TestNGBasics#googlesearchTest</h3><table class="result"><tr><th class="invisible"/></tr></table><p class="totop"><a href="#summary">back to summary</a></p>
</body>
</html>
