<?xml version="1.0" encoding="UTF-8"?>
<testng-results ignored="0" total="15" passed="11" failed="3" skipped="1">
  <reporter-output>
  </reporter-output>
  <suite started-at="2020-06-05T12:26:11 IST" name="Suite1" finished-at="2020-06-05T12:27:29 IST" duration-ms="78280">
    <groups>
      <group name="regression">
        <method signature="GooglefeatureTest.test4()[pri:1, instance:com.test.GooglefeatureTest@79924b]" name="test4" class="com.test.GooglefeatureTest"/>
        <method signature="GooglefeatureTest.test5()[pri:2, instance:com.test.GooglefeatureTest@79924b]" name="test5" class="com.test.GooglefeatureTest"/>
        <method signature="GooglefeatureTest.test6()[pri:3, instance:com.test.GooglefeatureTest@79924b]" name="test6" class="com.test.GooglefeatureTest"/>
      </group> <!-- regression -->
      <group name="smoke">
        <method signature="GooglefeatureTest.checkLogo()[pri:3, instance:com.test.GooglefeatureTest@79924b]" name="checkLogo" class="com.test.GooglefeatureTest"/>
        <method signature="GooglefeatureTest.checkMailLink()[pri:2, instance:com.test.GooglefeatureTest@79924b]" name="checkMailLink" class="com.test.GooglefeatureTest"/>
        <method signature="GooglefeatureTest.getPageTitle()[pri:1, instance:com.test.GooglefeatureTest@79924b]" name="getPageTitle" class="com.test.GooglefeatureTest"/>
      </group> <!-- smoke -->
    </groups>
    <test started-at="2020-06-05T12:26:11 IST" name="Different TestNG features" finished-at="2020-06-05T12:27:29 IST" duration-ms="78280">
      <class name="com.test.InvocationcountFeature">
        <test-method signature="sampleTest()[pri:0, instance:com.test.InvocationcountFeature@7b9a4292]" started-at="2020-06-05T12:27:29 IST" name="sampleTest" finished-at="2020-06-05T12:27:29 IST" duration-ms="3" status="PASS">
          <reporter-output>
          </reporter-output>
        </test-method> <!-- sampleTest -->
        <test-method signature="sampleTest()[pri:0, instance:com.test.InvocationcountFeature@7b9a4292]" started-at="2020-06-05T12:27:29 IST" name="sampleTest" finished-at="2020-06-05T12:27:29 IST" duration-ms="5" status="PASS">
          <reporter-output>
          </reporter-output>
        </test-method> <!-- sampleTest -->
        <test-method signature="sampleTest()[pri:0, instance:com.test.InvocationcountFeature@7b9a4292]" started-at="2020-06-05T12:27:29 IST" name="sampleTest" finished-at="2020-06-05T12:27:29 IST" duration-ms="4" status="PASS">
          <reporter-output>
          </reporter-output>
        </test-method> <!-- sampleTest -->
        <test-method signature="sampleTest()[pri:0, instance:com.test.InvocationcountFeature@7b9a4292]" started-at="2020-06-05T12:27:29 IST" name="sampleTest" finished-at="2020-06-05T12:27:29 IST" duration-ms="15" status="PASS">
          <reporter-output>
          </reporter-output>
        </test-method> <!-- sampleTest -->
        <test-method signature="sampleTest()[pri:0, instance:com.test.InvocationcountFeature@7b9a4292]" started-at="2020-06-05T12:27:29 IST" name="sampleTest" finished-at="2020-06-05T12:27:29 IST" duration-ms="2" status="PASS">
          <reporter-output>
          </reporter-output>
        </test-method> <!-- sampleTest -->
      </class> <!-- com.test.InvocationcountFeature -->
      <class name="com.test.TestNGBasics">
        <test-method is-config="true" signature="setUP()[pri:0, instance:com.test.TestNGBasics@4fb0f2b9]" started-at="2020-06-05T12:26:11 IST" name="setUP" finished-at="2020-06-05T12:26:11 IST" duration-ms="9" status="PASS">
          <reporter-output>
          </reporter-output>
        </test-method> <!-- setUP -->
        <test-method is-config="true" signature="login()[pri:0, instance:com.test.TestNGBasics@4fb0f2b9]" started-at="2020-06-05T12:26:11 IST" name="login" finished-at="2020-06-05T12:26:11 IST" duration-ms="1" status="PASS">
          <reporter-output>
          </reporter-output>
        </test-method> <!-- login -->
        <test-method is-config="true" signature="launchBrowser()[pri:0, instance:com.test.TestNGBasics@4fb0f2b9]" started-at="2020-06-05T12:27:29 IST" name="launchBrowser" finished-at="2020-06-05T12:27:29 IST" duration-ms="1" status="PASS">
          <reporter-output>
          </reporter-output>
        </test-method> <!-- launchBrowser -->
        <test-method is-config="true" signature="entertURL()[pri:0, instance:com.test.TestNGBasics@4fb0f2b9]" started-at="2020-06-05T12:27:29 IST" name="entertURL" finished-at="2020-06-05T12:27:29 IST" duration-ms="1" status="PASS">
          <reporter-output>
          </reporter-output>
        </test-method> <!-- entertURL -->
        <test-method signature="googleTitleTest()[pri:0, instance:com.test.TestNGBasics@4fb0f2b9]" started-at="2020-06-05T12:27:29 IST" name="googleTitleTest" finished-at="2020-06-05T12:27:29 IST" duration-ms="1" status="PASS">
          <reporter-output>
          </reporter-output>
        </test-method> <!-- googleTitleTest -->
        <test-method is-config="true" signature="logoutfromapp()[pri:0, instance:com.test.TestNGBasics@4fb0f2b9]" started-at="2020-06-05T12:27:29 IST" name="logoutfromapp" finished-at="2020-06-05T12:27:29 IST" duration-ms="0" status="PASS">
          <reporter-output>
          </reporter-output>
        </test-method> <!-- logoutfromapp -->
        <test-method is-config="true" signature="entertURL()[pri:0, instance:com.test.TestNGBasics@4fb0f2b9]" started-at="2020-06-05T12:27:29 IST" name="entertURL" finished-at="2020-06-05T12:27:29 IST" duration-ms="0" status="PASS">
          <reporter-output>
          </reporter-output>
        </test-method> <!-- entertURL -->
        <test-method signature="googlesearchTest()[pri:0, instance:com.test.TestNGBasics@4fb0f2b9]" started-at="2020-06-05T12:27:29 IST" name="googlesearchTest" finished-at="2020-06-05T12:27:29 IST" duration-ms="2" status="PASS">
          <reporter-output>
          </reporter-output>
        </test-method> <!-- googlesearchTest -->
        <test-method is-config="true" signature="logoutfromapp()[pri:0, instance:com.test.TestNGBasics@4fb0f2b9]" started-at="2020-06-05T12:27:29 IST" name="logoutfromapp" finished-at="2020-06-05T12:27:29 IST" duration-ms="0" status="PASS">
          <reporter-output>
          </reporter-output>
        </test-method> <!-- logoutfromapp -->
        <test-method is-config="true" signature="closeBrowser()[pri:0, instance:com.test.TestNGBasics@4fb0f2b9]" started-at="2020-06-05T12:27:29 IST" name="closeBrowser" finished-at="2020-06-05T12:27:29 IST" duration-ms="1" status="PASS">
          <reporter-output>
          </reporter-output>
        </test-method> <!-- closeBrowser -->
        <test-method is-config="true" signature="deleteCookies()[pri:0, instance:com.test.TestNGBasics@4fb0f2b9]" started-at="2020-06-05T12:27:29 IST" name="deleteCookies" finished-at="2020-06-05T12:27:29 IST" duration-ms="1" status="PASS">
          <reporter-output>
          </reporter-output>
        </test-method> <!-- deleteCookies -->
        <test-method is-config="true" signature="generateReport()[pri:0, instance:com.test.TestNGBasics@4fb0f2b9]" started-at="2020-06-05T12:27:29 IST" name="generateReport" finished-at="2020-06-05T12:27:29 IST" duration-ms="2" status="PASS">
          <reporter-output>
          </reporter-output>
        </test-method> <!-- generateReport -->
      </class> <!-- com.test.TestNGBasics -->
      <class name="com.test.TestNGfeatures">
        <test-method signature="loginTest()[pri:0, instance:com.test.TestNGfeatures@4a94ee4]" started-at="2020-06-05T12:27:29 IST" name="loginTest" finished-at="2020-06-05T12:27:29 IST" duration-ms="2" status="FAIL">
          <exception class="java.lang.ArithmeticException">
            <message>
              <![CDATA[/ by zero]]>
            </message>
            <full-stacktrace>
              <![CDATA[java.lang.ArithmeticException: / by zero
at com.test.TestNGfeatures.loginTest(TestNGfeatures.java:10)
at java.base/jdk.internal.reflect.NativeMethodAccessorImpl.invoke0(Native Method)
at java.base/jdk.internal.reflect.NativeMethodAccessorImpl.invoke(NativeMethodAccessorImpl.java:62)
at java.base/jdk.internal.reflect.DelegatingMethodAccessorImpl.invoke(DelegatingMethodAccessorImpl.java:43)
at java.base/java.lang.reflect.Method.invoke(Method.java:564)
at org.testng.internal.MethodInvocationHelper.invokeMethod(MethodInvocationHelper.java:135)
at org.testng.internal.TestInvoker.invokeMethod(TestInvoker.java:598)
at org.testng.internal.TestInvoker.invokeTestMethod(TestInvoker.java:174)
at org.testng.internal.MethodRunner.runInSequence(MethodRunner.java:46)
at org.testng.internal.TestInvoker$MethodInvocationAgent.invoke(TestInvoker.java:821)
at org.testng.internal.TestInvoker.invokeTestMethods(TestInvoker.java:147)
at org.testng.internal.TestMethodWorker.invokeTestMethods(TestMethodWorker.java:146)
at org.testng.internal.TestMethodWorker.run(TestMethodWorker.java:128)
at java.base/java.util.ArrayList.forEach(ArrayList.java:1510)
at org.testng.TestRunner.privateRun(TestRunner.java:767)
at org.testng.TestRunner.run(TestRunner.java:588)
at org.testng.SuiteRunner.runTest(SuiteRunner.java:384)
at org.testng.SuiteRunner.runSequentially(SuiteRunner.java:378)
at org.testng.SuiteRunner.privateRun(SuiteRunner.java:337)
at org.testng.SuiteRunner.run(SuiteRunner.java:286)
at org.testng.SuiteRunnerWorker.runSuite(SuiteRunnerWorker.java:53)
at org.testng.SuiteRunnerWorker.run(SuiteRunnerWorker.java:96)
at org.testng.TestNG.runSuitesSequentially(TestNG.java:1214)
at org.testng.TestNG.runSuitesLocally(TestNG.java:1136)
at org.testng.TestNG.runSuites(TestNG.java:1066)
at org.testng.TestNG.run(TestNG.java:1034)
at org.testng.remote.AbstractRemoteTestNG.run(AbstractRemoteTestNG.java:115)
at org.testng.remote.RemoteTestNG.initAndRun(RemoteTestNG.java:251)
at org.testng.remote.RemoteTestNG.main(RemoteTestNG.java:77)
]]>
            </full-stacktrace>
          </exception> <!-- java.lang.ArithmeticException -->
          <reporter-output>
          </reporter-output>
        </test-method> <!-- loginTest -->
        <test-method signature="homepageTest()[pri:0, instance:com.test.TestNGfeatures@4a94ee4]" started-at="2020-06-05T12:27:29 IST" name="homepageTest" finished-at="2020-06-05T12:27:29 IST" depends-on-methods="com.test.TestNGfeatures.loginTest" duration-ms="0" status="SKIP">
          <exception class="java.lang.Throwable">
            <message>
              <![CDATA[Method TestNGfeatures.homepageTest()[pri:0, instance:com.test.TestNGfeatures@4a94ee4] depends on not successfully finished methods]]>
            </message>
            <full-stacktrace>
              <![CDATA[java.lang.Throwable: Method TestNGfeatures.homepageTest()[pri:0, instance:com.test.TestNGfeatures@4a94ee4] depends on not successfully finished methods
at org.testng.internal.TestInvoker.invokeTestMethods(TestInvoker.java:102)
at org.testng.internal.TestMethodWorker.invokeTestMethods(TestMethodWorker.java:146)
at org.testng.internal.TestMethodWorker.run(TestMethodWorker.java:128)
at java.base/java.util.ArrayList.forEach(ArrayList.java:1510)
at org.testng.TestRunner.privateRun(TestRunner.java:767)
at org.testng.TestRunner.run(TestRunner.java:588)
at org.testng.SuiteRunner.runTest(SuiteRunner.java:384)
at org.testng.SuiteRunner.runSequentially(SuiteRunner.java:378)
at org.testng.SuiteRunner.privateRun(SuiteRunner.java:337)
at org.testng.SuiteRunner.run(SuiteRunner.java:286)
at org.testng.SuiteRunnerWorker.runSuite(SuiteRunnerWorker.java:53)
at org.testng.SuiteRunnerWorker.run(SuiteRunnerWorker.java:96)
at org.testng.TestNG.runSuitesSequentially(TestNG.java:1214)
at org.testng.TestNG.runSuitesLocally(TestNG.java:1136)
at org.testng.TestNG.runSuites(TestNG.java:1066)
at org.testng.TestNG.run(TestNG.java:1034)
at org.testng.remote.AbstractRemoteTestNG.run(AbstractRemoteTestNG.java:115)
at org.testng.remote.RemoteTestNG.initAndRun(RemoteTestNG.java:251)
at org.testng.remote.RemoteTestNG.main(RemoteTestNG.java:77)
]]>
            </full-stacktrace>
          </exception> <!-- java.lang.Throwable -->
          <reporter-output>
          </reporter-output>
        </test-method> <!-- homepageTest -->
      </class> <!-- com.test.TestNGfeatures -->
      <class name="com.test.GooglefeatureTest">
        <test-method is-config="true" signature="setup()[pri:0, instance:com.test.GooglefeatureTest@79924b]" started-at="2020-06-05T12:26:11 IST" name="setup" finished-at="2020-06-05T12:26:32 IST" duration-ms="20649" status="PASS">
          <reporter-output>
          </reporter-output>
        </test-method> <!-- setup -->
        <test-method signature="getPageTitle()[pri:1, instance:com.test.GooglefeatureTest@79924b]" started-at="2020-06-05T12:26:32 IST" name="getPageTitle" finished-at="2020-06-05T12:26:32 IST" duration-ms="14" status="FAIL">
          <exception class="java.lang.AssertionError">
            <message>
              <![CDATA[title not matched expected [Googlee] but found [Google]]]>
            </message>
            <full-stacktrace>
              <![CDATA[java.lang.AssertionError: title not matched expected [Googlee] but found [Google]
at org.testng.Assert.fail(Assert.java:97)
at org.testng.Assert.assertEqualsImpl(Assert.java:136)
at org.testng.Assert.assertEquals(Assert.java:118)
at org.testng.Assert.assertEquals(Assert.java:575)
at com.test.GooglefeatureTest.getPageTitle(GooglefeatureTest.java:32)
at java.base/jdk.internal.reflect.NativeMethodAccessorImpl.invoke0(Native Method)
at java.base/jdk.internal.reflect.NativeMethodAccessorImpl.invoke(NativeMethodAccessorImpl.java:62)
at java.base/jdk.internal.reflect.DelegatingMethodAccessorImpl.invoke(DelegatingMethodAccessorImpl.java:43)
at java.base/java.lang.reflect.Method.invoke(Method.java:564)
at org.testng.internal.MethodInvocationHelper.invokeMethod(MethodInvocationHelper.java:135)
at org.testng.internal.TestInvoker.invokeMethod(TestInvoker.java:598)
at org.testng.internal.TestInvoker.invokeTestMethod(TestInvoker.java:174)
at org.testng.internal.MethodRunner.runInSequence(MethodRunner.java:46)
at org.testng.internal.TestInvoker$MethodInvocationAgent.invoke(TestInvoker.java:821)
at org.testng.internal.TestInvoker.invokeTestMethods(TestInvoker.java:147)
at org.testng.internal.TestMethodWorker.invokeTestMethods(TestMethodWorker.java:146)
at org.testng.internal.TestMethodWorker.run(TestMethodWorker.java:128)
at java.base/java.util.ArrayList.forEach(ArrayList.java:1510)
at org.testng.TestRunner.privateRun(TestRunner.java:767)
at org.testng.TestRunner.run(TestRunner.java:588)
at org.testng.SuiteRunner.runTest(SuiteRunner.java:384)
at org.testng.SuiteRunner.runSequentially(SuiteRunner.java:378)
at org.testng.SuiteRunner.privateRun(SuiteRunner.java:337)
at org.testng.SuiteRunner.run(SuiteRunner.java:286)
at org.testng.SuiteRunnerWorker.runSuite(SuiteRunnerWorker.java:53)
at org.testng.SuiteRunnerWorker.run(SuiteRunnerWorker.java:96)
at org.testng.TestNG.runSuitesSequentially(TestNG.java:1214)
at org.testng.TestNG.runSuitesLocally(TestNG.java:1136)
at org.testng.TestNG.runSuites(TestNG.java:1066)
at org.testng.TestNG.run(TestNG.java:1034)
at org.testng.remote.AbstractRemoteTestNG.run(AbstractRemoteTestNG.java:115)
at org.testng.remote.RemoteTestNG.initAndRun(RemoteTestNG.java:251)
at org.testng.remote.RemoteTestNG.main(RemoteTestNG.java:77)
]]>
            </full-stacktrace>
          </exception> <!-- java.lang.AssertionError -->
          <reporter-output>
          </reporter-output>
        </test-method> <!-- getPageTitle -->
        <test-method is-config="true" signature="tearDown()[pri:0, instance:com.test.GooglefeatureTest@79924b]" started-at="2020-06-05T12:26:32 IST" name="tearDown" finished-at="2020-06-05T12:26:33 IST" duration-ms="1763" status="PASS">
          <reporter-output>
          </reporter-output>
        </test-method> <!-- tearDown -->
        <test-method is-config="true" signature="setup()[pri:0, instance:com.test.GooglefeatureTest@79924b]" started-at="2020-06-05T12:26:33 IST" name="setup" finished-at="2020-06-05T12:26:41 IST" duration-ms="7018" status="PASS">
          <reporter-output>
          </reporter-output>
        </test-method> <!-- setup -->
        <test-method signature="test4()[pri:1, instance:com.test.GooglefeatureTest@79924b]" started-at="2020-06-05T12:26:41 IST" name="test4" finished-at="2020-06-05T12:26:41 IST" duration-ms="2" status="PASS">
          <reporter-output>
          </reporter-output>
        </test-method> <!-- test4 -->
        <test-method is-config="true" signature="tearDown()[pri:0, instance:com.test.GooglefeatureTest@79924b]" started-at="2020-06-05T12:26:41 IST" name="tearDown" finished-at="2020-06-05T12:26:42 IST" duration-ms="1105" status="PASS">
          <reporter-output>
          </reporter-output>
        </test-method> <!-- tearDown -->
        <test-method is-config="true" signature="setup()[pri:0, instance:com.test.GooglefeatureTest@79924b]" started-at="2020-06-05T12:26:42 IST" name="setup" finished-at="2020-06-05T12:26:49 IST" duration-ms="7356" status="PASS">
          <reporter-output>
          </reporter-output>
        </test-method> <!-- setup -->
        <test-method signature="checkMailLink()[pri:2, instance:com.test.GooglefeatureTest@79924b]" started-at="2020-06-05T12:26:49 IST" name="checkMailLink" finished-at="2020-06-05T12:27:05 IST" duration-ms="15783" status="FAIL">
          <exception class="org.openqa.selenium.NoSuchElementException">
            <message>
              <![CDATA[no such element: Unable to locate element: {"method":"link text","selector":"Gmmail"}
  (Session info: chrome=83.0.4103.97)
For documentation on this error, please visit: https://www.seleniumhq.org/exceptions/no_such_element.html
Build info: version: '3.141.59', revision: 'e82be7d358', time: '2018-11-14T08:25:48'
System info: host: 'DESKTOP-RRG8RSC', ip: '192.168.0.4', os.name: 'Windows 10', os.arch: 'amd64', os.version: '10.0', java.version: '14.0.1'
Driver info: org.openqa.selenium.chrome.ChromeDriver
Capabilities {acceptInsecureCerts: false, browserName: chrome, browserVersion: 83.0.4103.97, chrome: {chromedriverVersion: 83.0.4103.39 (ccbf011cb2d2b..., userDataDir: C:\Users\giribabu\AppData\L...}, goog:chromeOptions: {debuggerAddress: localhost:63545}, javascriptEnabled: true, networkConnectionEnabled: false, pageLoadStrategy: normal, platform: WINDOWS, platformName: WINDOWS, proxy: Proxy(), setWindowRect: true, strictFileInteractability: false, timeouts: {implicit: 0, pageLoad: 300000, script: 30000}, unhandledPromptBehavior: dismiss and notify, webauthn:virtualAuthenticators: true}
Session ID: 414560083fc1e3ddc6209eee9222b226
*** Element info: {Using=link text, value=Gmmail}]]>
            </message>
            <full-stacktrace>
              <![CDATA[org.openqa.selenium.NoSuchElementException: no such element: Unable to locate element: {"method":"link text","selector":"Gmmail"}
  (Session info: chrome=83.0.4103.97)
For documentation on this error, please visit: https://www.seleniumhq.org/exceptions/no_such_element.html
Build info: version: '3.141.59', revision: 'e82be7d358', time: '2018-11-14T08:25:48'
System info: host: 'DESKTOP-RRG8RSC', ip: '192.168.0.4', os.name: 'Windows 10', os.arch: 'amd64', os.version: '10.0', java.version: '14.0.1'
Driver info: org.openqa.selenium.chrome.ChromeDriver
Capabilities {acceptInsecureCerts: false, browserName: chrome, browserVersion: 83.0.4103.97, chrome: {chromedriverVersion: 83.0.4103.39 (ccbf011cb2d2b..., userDataDir: C:\Users\giribabu\AppData\L...}, goog:chromeOptions: {debuggerAddress: localhost:63545}, javascriptEnabled: true, networkConnectionEnabled: false, pageLoadStrategy: normal, platform: WINDOWS, platformName: WINDOWS, proxy: Proxy(), setWindowRect: true, strictFileInteractability: false, timeouts: {implicit: 0, pageLoad: 300000, script: 30000}, unhandledPromptBehavior: dismiss and notify, webauthn:virtualAuthenticators: true}
Session ID: 414560083fc1e3ddc6209eee9222b226
*** Element info: {Using=link text, value=Gmmail}
at java.base/jdk.internal.reflect.NativeConstructorAccessorImpl.newInstance0(Native Method)
at java.base/jdk.internal.reflect.NativeConstructorAccessorImpl.newInstance(NativeConstructorAccessorImpl.java:62)
at java.base/jdk.internal.reflect.DelegatingConstructorAccessorImpl.newInstance(DelegatingConstructorAccessorImpl.java:45)
at java.base/java.lang.reflect.Constructor.newInstanceWithCaller(Constructor.java:500)
at java.base/java.lang.reflect.Constructor.newInstance(Constructor.java:481)
at org.openqa.selenium.remote.http.W3CHttpResponseCodec.createException(W3CHttpResponseCodec.java:187)
at org.openqa.selenium.remote.http.W3CHttpResponseCodec.decode(W3CHttpResponseCodec.java:122)
at org.openqa.selenium.remote.http.W3CHttpResponseCodec.decode(W3CHttpResponseCodec.java:49)
at org.openqa.selenium.remote.HttpCommandExecutor.execute(HttpCommandExecutor.java:158)
at org.openqa.selenium.remote.service.DriverCommandExecutor.execute(DriverCommandExecutor.java:83)
at org.openqa.selenium.remote.RemoteWebDriver.execute(RemoteWebDriver.java:552)
at org.openqa.selenium.remote.RemoteWebDriver.findElement(RemoteWebDriver.java:323)
at org.openqa.selenium.remote.RemoteWebDriver.findElementByLinkText(RemoteWebDriver.java:380)
at org.openqa.selenium.By$ByLinkText.findElement(By.java:220)
at org.openqa.selenium.remote.RemoteWebDriver.findElement(RemoteWebDriver.java:315)
at com.test.GooglefeatureTest.checkMailLink(GooglefeatureTest.java:45)
at java.base/jdk.internal.reflect.NativeMethodAccessorImpl.invoke0(Native Method)
at java.base/jdk.internal.reflect.NativeMethodAccessorImpl.invoke(NativeMethodAccessorImpl.java:62)
at java.base/jdk.internal.reflect.DelegatingMethodAccessorImpl.invoke(DelegatingMethodAccessorImpl.java:43)
at java.base/java.lang.reflect.Method.invoke(Method.java:564)
at org.testng.internal.MethodInvocationHelper.invokeMethod(MethodInvocationHelper.java:135)
at org.testng.internal.TestInvoker.invokeMethod(TestInvoker.java:598)
at org.testng.internal.TestInvoker.invokeTestMethod(TestInvoker.java:174)
at org.testng.internal.MethodRunner.runInSequence(MethodRunner.java:46)
at org.testng.internal.TestInvoker$MethodInvocationAgent.invoke(TestInvoker.java:821)
at org.testng.internal.TestInvoker.invokeTestMethods(TestInvoker.java:147)
at org.testng.internal.TestMethodWorker.invokeTestMethods(TestMethodWorker.java:146)
at org.testng.internal.TestMethodWorker.run(TestMethodWorker.java:128)
at java.base/java.util.ArrayList.forEach(ArrayList.java:1510)
at org.testng.TestRunner.privateRun(TestRunner.java:767)
at org.testng.TestRunner.run(TestRunner.java:588)
at org.testng.SuiteRunner.runTest(SuiteRunner.java:384)
at org.testng.SuiteRunner.runSequentially(SuiteRunner.java:378)
at org.testng.SuiteRunner.privateRun(SuiteRunner.java:337)
at org.testng.SuiteRunner.run(SuiteRunner.java:286)
at org.testng.SuiteRunnerWorker.runSuite(SuiteRunnerWorker.java:53)
at org.testng.SuiteRunnerWorker.run(SuiteRunnerWorker.java:96)
at org.testng.TestNG.runSuitesSequentially(TestNG.java:1214)
at org.testng.TestNG.runSuitesLocally(TestNG.java:1136)
at org.testng.TestNG.runSuites(TestNG.java:1066)
at org.testng.TestNG.run(TestNG.java:1034)
at org.testng.remote.AbstractRemoteTestNG.run(AbstractRemoteTestNG.java:115)
at org.testng.remote.RemoteTestNG.initAndRun(RemoteTestNG.java:251)
at org.testng.remote.RemoteTestNG.main(RemoteTestNG.java:77)
]]>
            </full-stacktrace>
          </exception> <!-- org.openqa.selenium.NoSuchElementException -->
          <reporter-output>
          </reporter-output>
        </test-method> <!-- checkMailLink -->
        <test-method is-config="true" signature="tearDown()[pri:0, instance:com.test.GooglefeatureTest@79924b]" started-at="2020-06-05T12:27:05 IST" name="tearDown" finished-at="2020-06-05T12:27:06 IST" duration-ms="850" status="PASS">
          <reporter-output>
          </reporter-output>
        </test-method> <!-- tearDown -->
        <test-method is-config="true" signature="setup()[pri:0, instance:com.test.GooglefeatureTest@79924b]" started-at="2020-06-05T12:27:06 IST" name="setup" finished-at="2020-06-05T12:27:14 IST" duration-ms="8165" status="PASS">
          <reporter-output>
          </reporter-output>
        </test-method> <!-- setup -->
        <test-method signature="test5()[pri:2, instance:com.test.GooglefeatureTest@79924b]" started-at="2020-06-05T12:27:14 IST" name="test5" finished-at="2020-06-05T12:27:14 IST" duration-ms="3" status="PASS">
          <reporter-output>
          </reporter-output>
        </test-method> <!-- test5 -->
        <test-method is-config="true" signature="tearDown()[pri:0, instance:com.test.GooglefeatureTest@79924b]" started-at="2020-06-05T12:27:14 IST" name="tearDown" finished-at="2020-06-05T12:27:14 IST" duration-ms="697" status="PASS">
          <reporter-output>
          </reporter-output>
        </test-method> <!-- tearDown -->
        <test-method is-config="true" signature="setup()[pri:0, instance:com.test.GooglefeatureTest@79924b]" started-at="2020-06-05T12:27:14 IST" name="setup" finished-at="2020-06-05T12:27:20 IST" duration-ms="5782" status="PASS">
          <reporter-output>
          </reporter-output>
        </test-method> <!-- setup -->
        <test-method signature="checkLogo()[pri:3, instance:com.test.GooglefeatureTest@79924b]" started-at="2020-06-05T12:27:20 IST" name="checkLogo" finished-at="2020-06-05T12:27:21 IST" duration-ms="264" status="PASS">
          <reporter-output>
          </reporter-output>
        </test-method> <!-- checkLogo -->
        <test-method is-config="true" signature="tearDown()[pri:0, instance:com.test.GooglefeatureTest@79924b]" started-at="2020-06-05T12:27:21 IST" name="tearDown" finished-at="2020-06-05T12:27:21 IST" duration-ms="818" status="PASS">
          <reporter-output>
          </reporter-output>
        </test-method> <!-- tearDown -->
        <test-method is-config="true" signature="setup()[pri:0, instance:com.test.GooglefeatureTest@79924b]" started-at="2020-06-05T12:27:21 IST" name="setup" finished-at="2020-06-05T12:27:28 IST" duration-ms="6787" status="PASS">
          <reporter-output>
          </reporter-output>
        </test-method> <!-- setup -->
        <test-method signature="test6()[pri:3, instance:com.test.GooglefeatureTest@79924b]" started-at="2020-06-05T12:27:28 IST" name="test6" finished-at="2020-06-05T12:27:28 IST" duration-ms="2" status="PASS">
          <reporter-output>
          </reporter-output>
        </test-method> <!-- test6 -->
        <test-method is-config="true" signature="tearDown()[pri:0, instance:com.test.GooglefeatureTest@79924b]" started-at="2020-06-05T12:27:28 IST" name="tearDown" finished-at="2020-06-05T12:27:29 IST" duration-ms="1037" status="PASS">
          <reporter-output>
          </reporter-output>
        </test-method> <!-- tearDown -->
      </class> <!-- com.test.GooglefeatureTest -->
    </test> <!-- Different TestNG features -->
  </suite> <!-- Suite1 -->
</testng-results>
